<?xml version="1.0" encoding="UTF-8"?>
<testng-results skipped="0" failed="0" ignored="0" total="1" passed="1">
  <reporter-output>
    <line>
      <![CDATA[Test:testA is Pass ]]>
    </line>
    <line>
      <![CDATA[TestName:testA Status:PASS]]>
    </line>
  </reporter-output>
  <suite name="Default suite" duration-ms="17156" started-at="2018-10-11T04:23:04Z" finished-at="2018-10-11T04:23:21Z">
    <groups>
    </groups>
    <test name="Default test" duration-ms="17156" started-at="2018-10-11T04:23:04Z" finished-at="2018-10-11T04:23:21Z">
      <class name="script.TestLogin">
        <test-method status="PASS" signature="openApp(java.lang.String, java.lang.String)[pri:0, instance:script.TestLogin@482f8f11]" name="openApp" is-config="true" duration-ms="9911" started-at="2018-10-11T09:53:04Z" finished-at="2018-10-11T09:53:14Z">
          <params>
            <param index="0">
              <value>
                <![CDATA[localhost]]>
              </value>
            </param>
            <param index="1">
              <value>
                <![CDATA[chrome]]>
              </value>
            </param>
          </params>
          <reporter-output>
          </reporter-output>
        </test-method> <!-- openApp -->
        <test-method status="PASS" signature="testA()[pri:0, instance:script.TestLogin@482f8f11]" name="testA" duration-ms="7207" started-at="2018-10-11T09:53:14Z" finished-at="2018-10-11T09:53:21Z">
          <reporter-output>
            <line>
              <![CDATA[Test:testA is Pass ]]>
            </line>
          </reporter-output>
        </test-method> <!-- testA -->
        <test-method status="PASS" signature="closeApp(org.testng.ITestResult)[pri:0, instance:script.TestLogin@482f8f11]" name="closeApp" is-config="true" duration-ms="0" started-at="2018-10-11T09:53:21Z" finished-at="2018-10-11T09:53:21Z">
          <params>
            <param index="0">
              <value>
                <![CDATA[[TestResult name=testA status=SUCCESS method=TestLogin.testA()[pri:0, instance:script.TestLogin@482f8f11] output=Test:testA is Pass ]]]>
              </value>
            </param>
          </params>
          <reporter-output>
            <line>
              <![CDATA[TestName:testA Status:PASS]]>
            </line>
          </reporter-output>
        </test-method> <!-- closeApp -->
      </class> <!-- script.TestLogin -->
    </test> <!-- Default test -->
  </suite> <!-- Default suite -->
</testng-results>
